2018-07-31 00:13:24,900 CRIT Supervisor running as root (no user in config file)
2018-07-31 00:13:24,900 WARN Included extra file "/etc/supervisor/conf.d/supervisord.conf" during parsing
2018-07-31 00:13:24,919 INFO RPC interface 'supervisor' initialized
2018-07-31 00:13:24,919 CRIT Server 'unix_http_server' running without any HTTP authentication checking
2018-07-31 00:13:24,920 INFO supervisord started with pid 1
2018-07-31 00:13:25,924 INFO spawned: 'varnishd' with pid 13
2018-07-31 00:13:25,928 INFO spawned: 'php-fpm' with pid 14
2018-07-31 00:13:25,934 INFO spawned: 'varnish-plugins-watcher' with pid 15
2018-07-31 00:13:25,962 INFO spawned: 'nginx' with pid 16
2018-07-31 00:13:25,965 INFO spawned: 'MailHog' with pid 17
2018-07-31 00:13:25,975 INFO spawned: 'mysql' with pid 18
2018-07-31 00:13:25,988 INFO spawned: 'varnish-themes-watcher' with pid 20
2018-07-31 00:13:27,264 INFO success: varnishd entered RUNNING state, process has stayed up for > than 1 seconds (startsecs)
2018-07-31 00:13:27,266 INFO success: php-fpm entered RUNNING state, process has stayed up for > than 1 seconds (startsecs)
2018-07-31 00:13:27,266 INFO success: varnish-plugins-watcher entered RUNNING state, process has stayed up for > than 1 seconds (startsecs)
2018-07-31 00:13:27,266 INFO success: nginx entered RUNNING state, process has stayed up for > than 1 seconds (startsecs)
2018-07-31 00:13:27,266 INFO success: MailHog entered RUNNING state, process has stayed up for > than 1 seconds (startsecs)
2018-07-31 00:13:27,266 INFO success: mysql entered RUNNING state, process has stayed up for > than 1 seconds (startsecs)
2018-07-31 00:13:27,266 INFO success: varnish-themes-watcher entered RUNNING state, process has stayed up for > than 1 seconds (startsecs)
2018-07-31 15:37:22,594 CRIT Supervisor running as root (no user in config file)
2018-07-31 15:37:22,595 WARN Included extra file "/etc/supervisor/conf.d/supervisord.conf" during parsing
2018-07-31 15:37:23,482 INFO RPC interface 'supervisor' initialized
2018-07-31 15:37:23,492 CRIT Server 'unix_http_server' running without any HTTP authentication checking
2018-07-31 15:37:23,493 INFO supervisord started with pid 1
2018-07-31 15:37:25,279 INFO spawned: 'varnishd' with pid 7
2018-07-31 15:37:26,595 INFO spawned: 'php-fpm' with pid 10
2018-07-31 15:37:27,565 INFO spawned: 'varnish-plugins-watcher' with pid 12
2018-07-31 15:37:31,703 INFO spawned: 'nginx' with pid 17
2018-07-31 15:37:31,857 INFO spawned: 'MailHog' with pid 19
2018-07-31 15:37:32,658 INFO spawned: 'mysql' with pid 22
2018-07-31 15:37:33,178 INFO spawned: 'varnish-themes-watcher' with pid 23
2018-07-31 15:37:33,708 INFO success: varnishd entered RUNNING state, process has stayed up for > than 1 seconds (startsecs)
2018-07-31 15:37:33,760 INFO success: php-fpm entered RUNNING state, process has stayed up for > than 1 seconds (startsecs)
2018-07-31 15:37:33,764 INFO success: varnish-plugins-watcher entered RUNNING state, process has stayed up for > than 1 seconds (startsecs)
2018-07-31 15:37:33,765 INFO success: nginx entered RUNNING state, process has stayed up for > than 1 seconds (startsecs)
2018-07-31 15:37:33,766 INFO success: MailHog entered RUNNING state, process has stayed up for > than 1 seconds (startsecs)
2018-07-31 15:37:33,767 INFO success: mysql entered RUNNING state, process has stayed up for > than 1 seconds (startsecs)
2018-07-31 15:37:33,768 INFO success: varnish-themes-watcher entered RUNNING state, process has stayed up for > than 1 seconds (startsecs)
2018-08-03 13:23:45,767 CRIT Supervisor running as root (no user in config file)
2018-08-03 13:23:45,772 WARN Included extra file "/etc/supervisor/conf.d/supervisord.conf" during parsing
2018-08-03 13:23:46,551 INFO RPC interface 'supervisor' initialized
2018-08-03 13:23:46,554 CRIT Server 'unix_http_server' running without any HTTP authentication checking
2018-08-03 13:23:46,555 INFO supervisord started with pid 1
2018-08-03 13:23:47,655 INFO spawned: 'varnishd' with pid 7
2018-08-03 13:23:48,830 INFO spawned: 'php-fpm' with pid 11
2018-08-03 13:23:51,482 INFO spawned: 'varnish-plugins-watcher' with pid 14
2018-08-03 13:23:55,502 INFO spawned: 'nginx' with pid 24
2018-08-03 13:23:56,290 INFO spawned: 'MailHog' with pid 241
2018-08-03 13:23:56,470 INFO spawned: 'mysql' with pid 245
2018-08-03 13:23:56,560 INFO spawned: 'varnish-themes-watcher' with pid 246
2018-08-03 13:23:56,969 INFO success: varnishd entered RUNNING state, process has stayed up for > than 1 seconds (startsecs)
2018-08-03 13:23:57,014 INFO success: php-fpm entered RUNNING state, process has stayed up for > than 1 seconds (startsecs)
2018-08-03 13:23:57,016 INFO success: varnish-plugins-watcher entered RUNNING state, process has stayed up for > than 1 seconds (startsecs)
2018-08-03 13:23:57,016 INFO success: nginx entered RUNNING state, process has stayed up for > than 1 seconds (startsecs)
2018-08-03 13:23:57,016 INFO success: MailHog entered RUNNING state, process has stayed up for > than 1 seconds (startsecs)
2018-08-03 13:23:57,762 INFO success: mysql entered RUNNING state, process has stayed up for > than 1 seconds (startsecs)
2018-08-03 13:23:57,762 INFO success: varnish-themes-watcher entered RUNNING state, process has stayed up for > than 1 seconds (startsecs)
2018-08-07 23:52:29,422 CRIT Supervisor running as root (no user in config file)
2018-08-07 23:52:29,423 WARN Included extra file "/etc/supervisor/conf.d/supervisord.conf" during parsing
2018-08-07 23:52:30,236 INFO RPC interface 'supervisor' initialized
2018-08-07 23:52:30,279 CRIT Server 'unix_http_server' running without any HTTP authentication checking
2018-08-07 23:52:30,283 INFO supervisord started with pid 1
2018-08-07 23:52:31,296 INFO spawned: 'varnishd' with pid 7
2018-08-07 23:52:31,435 INFO spawned: 'php-fpm' with pid 8
2018-08-07 23:52:31,581 INFO spawned: 'varnish-plugins-watcher' with pid 9
2018-08-07 23:52:32,385 INFO spawned: 'nginx' with pid 10
2018-08-07 23:52:34,199 INFO spawned: 'MailHog' with pid 19
2018-08-07 23:52:36,181 INFO spawned: 'mysql' with pid 27
2018-08-07 23:52:38,981 INFO spawned: 'varnish-themes-watcher' with pid 30
2018-08-07 23:52:39,270 INFO success: varnishd entered RUNNING state, process has stayed up for > than 1 seconds (startsecs)
2018-08-07 23:52:39,271 INFO success: php-fpm entered RUNNING state, process has stayed up for > than 1 seconds (startsecs)
2018-08-07 23:52:39,271 INFO success: varnish-plugins-watcher entered RUNNING state, process has stayed up for > than 1 seconds (startsecs)
2018-08-07 23:52:39,271 INFO success: nginx entered RUNNING state, process has stayed up for > than 1 seconds (startsecs)
2018-08-07 23:52:39,271 INFO success: MailHog entered RUNNING state, process has stayed up for > than 1 seconds (startsecs)
2018-08-07 23:52:39,271 INFO success: mysql entered RUNNING state, process has stayed up for > than 1 seconds (startsecs)
2018-08-07 23:52:39,272 INFO success: varnish-themes-watcher entered RUNNING state, process has stayed up for > than 1 seconds (startsecs)
2018-08-07 23:57:51,598 INFO exited: varnish-themes-watcher (exit status 0; expected)
2018-08-07 23:57:52,650 INFO spawned: 'varnish-themes-watcher' with pid 322
2018-08-07 23:57:53,653 INFO success: varnish-themes-watcher entered RUNNING state, process has stayed up for > than 1 seconds (startsecs)
2018-08-07 23:58:22,038 INFO exited: varnish-plugins-watcher (exit status 0; expected)
2018-08-07 23:58:23,047 INFO spawned: 'varnish-plugins-watcher' with pid 342
2018-08-07 23:58:24,049 INFO success: varnish-plugins-watcher entered RUNNING state, process has stayed up for > than 1 seconds (startsecs)
2018-08-18 22:59:19,935 CRIT Supervisor running as root (no user in config file)
2018-08-18 22:59:19,936 WARN Included extra file "/etc/supervisor/conf.d/supervisord.conf" during parsing
2018-08-18 22:59:28,104 INFO RPC interface 'supervisor' initialized
2018-08-18 22:59:28,225 CRIT Server 'unix_http_server' running without any HTTP authentication checking
2018-08-18 22:59:28,225 INFO supervisord started with pid 1
2018-08-18 22:59:30,140 INFO spawned: 'varnishd' with pid 7
2018-08-18 22:59:31,726 INFO spawned: 'php-fpm' with pid 8
2018-08-18 22:59:32,272 INFO spawned: 'varnish-plugins-watcher' with pid 9
2018-08-18 22:59:34,984 INFO spawned: 'nginx' with pid 10
2018-08-18 22:59:36,265 INFO spawned: 'MailHog' with pid 17
2018-08-18 22:59:37,222 INFO spawned: 'mysql' with pid 22
2018-08-18 22:59:37,871 INFO spawned: 'varnish-themes-watcher' with pid 23
2018-08-18 22:59:38,271 INFO success: varnishd entered RUNNING state, process has stayed up for > than 1 seconds (startsecs)
2018-08-18 22:59:38,274 INFO success: php-fpm entered RUNNING state, process has stayed up for > than 1 seconds (startsecs)
2018-08-18 22:59:38,274 INFO success: varnish-plugins-watcher entered RUNNING state, process has stayed up for > than 1 seconds (startsecs)
2018-08-18 22:59:38,274 INFO success: nginx entered RUNNING state, process has stayed up for > than 1 seconds (startsecs)
2018-08-18 22:59:38,274 INFO success: MailHog entered RUNNING state, process has stayed up for > than 1 seconds (startsecs)
2018-08-18 22:59:38,274 INFO success: mysql entered RUNNING state, process has stayed up for > than 1 seconds (startsecs)
2018-08-18 22:59:38,275 INFO success: varnish-themes-watcher entered RUNNING state, process has stayed up for > than 1 seconds (startsecs)
2018-08-19 00:13:45,920 INFO exited: varnish-plugins-watcher (exit status 0; expected)
2018-08-19 00:13:46,947 INFO spawned: 'varnish-plugins-watcher' with pid 316
2018-08-19 00:13:47,153 INFO exited: varnish-plugins-watcher (exit status 0; not expected)
2018-08-19 00:13:48,158 INFO spawned: 'varnish-plugins-watcher' with pid 318
2018-08-19 00:13:48,371 INFO exited: varnish-plugins-watcher (exit status 0; not expected)
2018-08-19 00:13:50,379 INFO spawned: 'varnish-plugins-watcher' with pid 320
2018-08-19 00:13:50,534 INFO exited: varnish-plugins-watcher (exit status 0; not expected)
2018-08-19 00:13:53,542 INFO spawned: 'varnish-plugins-watcher' with pid 322
2018-08-19 00:13:53,728 INFO exited: varnish-plugins-watcher (exit status 0; not expected)
2018-08-19 00:13:54,730 INFO gave up: varnish-plugins-watcher entered FATAL state, too many start retries too quickly
2018-08-31 00:05:14,850 WARN received SIGTERM indicating exit request
2018-08-31 00:05:14,861 INFO waiting for varnishd, php-fpm, nginx, MailHog, mysql, varnish-themes-watcher to die
2018-08-31 00:05:15,866 INFO stopped: varnish-themes-watcher (terminated by SIGTERM)
2018-08-31 00:05:16,117 INFO stopped: mysql (exit status 0)
2018-08-31 00:05:16,119 INFO stopped: MailHog (terminated by SIGTERM)
2018-08-31 00:05:16,139 INFO stopped: nginx (exit status 0)
2018-08-31 00:05:17,167 INFO stopped: php-fpm (exit status 0)
2018-08-31 00:05:17,495 CRIT reaped unknown pid 27)
2018-08-31 00:05:18,174 INFO waiting for varnishd to die
2018-08-31 00:05:18,358 INFO stopped: varnishd (exit status 0)
2018-08-31 00:05:19,456 CRIT Supervisor running as root (no user in config file)
2018-08-31 00:05:19,456 WARN Included extra file "/etc/supervisor/conf.d/supervisord.conf" during parsing
2018-08-31 00:05:19,525 INFO RPC interface 'supervisor' initialized
2018-08-31 00:05:19,525 CRIT Server 'unix_http_server' running without any HTTP authentication checking
2018-08-31 00:05:19,525 INFO supervisord started with pid 1
2018-08-31 00:05:20,532 INFO spawned: 'varnishd' with pid 19
2018-08-31 00:05:20,535 INFO spawned: 'php-fpm' with pid 20
2018-08-31 00:05:20,539 INFO spawned: 'varnish-plugins-watcher' with pid 21
2018-08-31 00:05:20,560 INFO spawned: 'nginx' with pid 22
2018-08-31 00:05:20,589 INFO spawned: 'MailHog' with pid 23
2018-08-31 00:05:20,618 INFO spawned: 'mysql' with pid 24
2018-08-31 00:05:20,671 INFO spawned: 'varnish-themes-watcher' with pid 27
2018-08-31 00:05:21,255 INFO exited: varnish-plugins-watcher (exit status 0; not expected)
2018-08-31 00:05:22,133 INFO success: varnishd entered RUNNING state, process has stayed up for > than 1 seconds (startsecs)
2018-08-31 00:05:22,134 INFO success: php-fpm entered RUNNING state, process has stayed up for > than 1 seconds (startsecs)
2018-08-31 00:05:22,134 INFO success: nginx entered RUNNING state, process has stayed up for > than 1 seconds (startsecs)
2018-08-31 00:05:22,134 INFO success: MailHog entered RUNNING state, process has stayed up for > than 1 seconds (startsecs)
2018-08-31 00:05:22,134 INFO success: mysql entered RUNNING state, process has stayed up for > than 1 seconds (startsecs)
2018-08-31 00:05:22,134 INFO success: varnish-themes-watcher entered RUNNING state, process has stayed up for > than 1 seconds (startsecs)
2018-08-31 00:05:22,362 INFO spawned: 'varnish-plugins-watcher' with pid 286
2018-08-31 00:05:22,580 INFO exited: varnish-plugins-watcher (exit status 0; not expected)
2018-08-31 00:05:24,589 INFO spawned: 'varnish-plugins-watcher' with pid 304
2018-08-31 00:05:25,329 INFO exited: varnish-plugins-watcher (exit status 0; not expected)
2018-08-31 00:05:28,344 INFO spawned: 'varnish-plugins-watcher' with pid 306
2018-08-31 00:05:28,564 INFO exited: varnish-plugins-watcher (exit status 0; not expected)
2018-08-31 00:05:29,568 INFO gave up: varnish-plugins-watcher entered FATAL state, too many start retries too quickly
2018-09-03 19:49:10,981 CRIT Supervisor running as root (no user in config file)
2018-09-03 19:49:10,983 WARN Included extra file "/etc/supervisor/conf.d/supervisord.conf" during parsing
2018-09-03 19:49:11,534 INFO RPC interface 'supervisor' initialized
2018-09-03 19:49:11,535 CRIT Server 'unix_http_server' running without any HTTP authentication checking
2018-09-03 19:49:11,536 INFO supervisord started with pid 1
2018-09-03 19:49:12,554 INFO spawned: 'varnishd' with pid 7
2018-09-03 19:49:12,667 INFO spawned: 'php-fpm' with pid 8
2018-09-03 19:49:12,685 INFO spawned: 'varnish-plugins-watcher' with pid 9
2018-09-03 19:49:15,271 INFO spawned: 'nginx' with pid 14
2018-09-03 19:49:17,298 INFO spawned: 'MailHog' with pid 20
2018-09-03 19:49:19,165 INFO spawned: 'mysql' with pid 27
2018-09-03 19:49:21,620 INFO spawned: 'varnish-themes-watcher' with pid 29
2018-09-03 19:49:22,579 INFO success: varnishd entered RUNNING state, process has stayed up for > than 1 seconds (startsecs)
2018-09-03 19:49:22,666 INFO success: php-fpm entered RUNNING state, process has stayed up for > than 1 seconds (startsecs)
2018-09-03 19:49:22,666 INFO success: varnish-plugins-watcher entered RUNNING state, process has stayed up for > than 1 seconds (startsecs)
2018-09-03 19:49:22,667 INFO success: nginx entered RUNNING state, process has stayed up for > than 1 seconds (startsecs)
2018-09-03 19:49:22,691 INFO success: MailHog entered RUNNING state, process has stayed up for > than 1 seconds (startsecs)
2018-09-03 19:49:22,692 INFO success: mysql entered RUNNING state, process has stayed up for > than 1 seconds (startsecs)
2018-09-03 19:49:22,692 INFO success: varnish-themes-watcher entered RUNNING state, process has stayed up for > than 1 seconds (startsecs)
2018-09-03 20:03:37,305 INFO exited: varnish-plugins-watcher (exit status 0; expected)
2018-09-03 20:03:38,323 INFO spawned: 'varnish-plugins-watcher' with pid 287
2018-09-03 20:03:39,327 INFO success: varnish-plugins-watcher entered RUNNING state, process has stayed up for > than 1 seconds (startsecs)
2018-09-03 20:11:22,692 INFO exited: varnish-plugins-watcher (exit status 0; expected)
2018-09-03 20:11:23,696 INFO spawned: 'varnish-plugins-watcher' with pid 300
2018-09-03 20:11:24,702 INFO success: varnish-plugins-watcher entered RUNNING state, process has stayed up for > than 1 seconds (startsecs)
2018-09-05 20:50:44,128 CRIT Supervisor running as root (no user in config file)
2018-09-05 20:50:44,130 WARN Included extra file "/etc/supervisor/conf.d/supervisord.conf" during parsing
2018-09-05 20:50:44,626 INFO RPC interface 'supervisor' initialized
2018-09-05 20:50:44,664 CRIT Server 'unix_http_server' running without any HTTP authentication checking
2018-09-05 20:50:44,671 INFO supervisord started with pid 1
2018-09-05 20:50:45,691 INFO spawned: 'varnishd' with pid 7
2018-09-05 20:50:45,724 INFO spawned: 'php-fpm' with pid 8
2018-09-05 20:50:45,790 INFO spawned: 'varnish-plugins-watcher' with pid 9
2018-09-05 20:50:46,158 INFO spawned: 'nginx' with pid 10
2018-09-05 20:50:46,730 INFO spawned: 'MailHog' with pid 12
2018-09-05 20:50:48,171 INFO spawned: 'mysql' with pid 19
2018-09-05 20:50:50,789 INFO spawned: 'varnish-themes-watcher' with pid 25
2018-09-05 20:50:54,219 INFO success: varnishd entered RUNNING state, process has stayed up for > than 1 seconds (startsecs)
2018-09-05 20:50:54,222 INFO success: php-fpm entered RUNNING state, process has stayed up for > than 1 seconds (startsecs)
2018-09-05 20:50:54,228 INFO success: varnish-plugins-watcher entered RUNNING state, process has stayed up for > than 1 seconds (startsecs)
2018-09-05 20:50:54,233 INFO success: nginx entered RUNNING state, process has stayed up for > than 1 seconds (startsecs)
2018-09-05 20:50:54,236 INFO success: MailHog entered RUNNING state, process has stayed up for > than 1 seconds (startsecs)
2018-09-05 20:50:54,237 INFO success: mysql entered RUNNING state, process has stayed up for > than 1 seconds (startsecs)
2018-09-05 20:50:54,237 INFO success: varnish-themes-watcher entered RUNNING state, process has stayed up for > than 1 seconds (startsecs)
2018-09-05 20:54:06,243 INFO exited: varnish-plugins-watcher (exit status 0; expected)
2018-09-05 20:54:07,392 INFO spawned: 'varnish-plugins-watcher' with pid 291
2018-09-05 20:54:08,406 INFO success: varnish-plugins-watcher entered RUNNING state, process has stayed up for > than 1 seconds (startsecs)
2018-09-05 21:01:10,172 INFO exited: varnish-plugins-watcher (exit status 0; expected)
2018-09-05 21:01:11,185 INFO spawned: 'varnish-plugins-watcher' with pid 305
2018-09-05 21:01:12,190 INFO success: varnish-plugins-watcher entered RUNNING state, process has stayed up for > than 1 seconds (startsecs)
2018-09-06 00:03:52,445 INFO exited: varnish-plugins-watcher (exit status 0; expected)
2018-09-06 00:03:53,453 INFO spawned: 'varnish-plugins-watcher' with pid 311
2018-09-06 00:03:54,457 INFO success: varnish-plugins-watcher entered RUNNING state, process has stayed up for > than 1 seconds (startsecs)
2018-09-06 12:53:23,335 INFO exited: varnish-plugins-watcher (exit status 0; expected)
2018-09-06 12:53:23,398 INFO spawned: 'varnish-plugins-watcher' with pid 328
2018-09-06 12:53:23,400 INFO exited: varnish-themes-watcher (exit status 0; expected)
2018-09-06 12:53:24,414 INFO success: varnish-plugins-watcher entered RUNNING state, process has stayed up for > than 1 seconds (startsecs)
2018-09-06 12:53:24,417 INFO spawned: 'varnish-themes-watcher' with pid 330
2018-09-06 12:53:25,418 INFO success: varnish-themes-watcher entered RUNNING state, process has stayed up for > than 1 seconds (startsecs)
2018-09-06 13:21:04,054 INFO exited: varnish-plugins-watcher (exit status 0; expected)
2018-09-06 13:21:05,060 INFO spawned: 'varnish-plugins-watcher' with pid 343
2018-09-06 13:21:06,067 INFO success: varnish-plugins-watcher entered RUNNING state, process has stayed up for > than 1 seconds (startsecs)
2018-09-06 13:31:18,664 INFO exited: varnish-plugins-watcher (exit status 0; expected)
2018-09-06 13:31:19,669 INFO spawned: 'varnish-plugins-watcher' with pid 353
2018-09-06 13:31:20,674 INFO success: varnish-plugins-watcher entered RUNNING state, process has stayed up for > than 1 seconds (startsecs)
2018-09-06 16:21:50,054 INFO exited: varnish-plugins-watcher (exit status 0; expected)
2018-09-06 16:21:51,067 INFO spawned: 'varnish-plugins-watcher' with pid 375
2018-09-06 16:21:52,075 INFO success: varnish-plugins-watcher entered RUNNING state, process has stayed up for > than 1 seconds (startsecs)
2018-09-07 12:53:20,512 CRIT Supervisor running as root (no user in config file)
2018-09-07 12:53:20,512 WARN Included extra file "/etc/supervisor/conf.d/supervisord.conf" during parsing
2018-09-07 12:53:21,006 INFO RPC interface 'supervisor' initialized
2018-09-07 12:53:21,020 CRIT Server 'unix_http_server' running without any HTTP authentication checking
2018-09-07 12:53:21,020 INFO supervisord started with pid 1
2018-09-07 12:53:23,073 INFO spawned: 'varnishd' with pid 7
2018-09-07 12:53:28,625 INFO spawned: 'php-fpm' with pid 17
2018-09-07 12:53:30,000 INFO spawned: 'varnish-plugins-watcher' with pid 18
2018-09-07 12:53:31,073 INFO spawned: 'nginx' with pid 19
2018-09-07 12:53:31,201 INFO spawned: 'MailHog' with pid 22
2018-09-07 12:53:31,717 INFO spawned: 'mysql' with pid 26
2018-09-07 12:53:31,795 INFO spawned: 'varnish-themes-watcher' with pid 28
2018-09-07 12:53:31,868 INFO success: varnishd entered RUNNING state, process has stayed up for > than 1 seconds (startsecs)
2018-09-07 12:53:32,202 INFO success: php-fpm entered RUNNING state, process has stayed up for > than 1 seconds (startsecs)
2018-09-07 12:53:32,203 INFO success: varnish-plugins-watcher entered RUNNING state, process has stayed up for > than 1 seconds (startsecs)
2018-09-07 12:53:32,203 INFO success: nginx entered RUNNING state, process has stayed up for > than 1 seconds (startsecs)
2018-09-07 12:53:32,203 INFO success: MailHog entered RUNNING state, process has stayed up for > than 1 seconds (startsecs)
2018-09-07 12:53:32,203 INFO success: mysql entered RUNNING state, process has stayed up for > than 1 seconds (startsecs)
2018-09-07 12:53:32,923 INFO success: varnish-themes-watcher entered RUNNING state, process has stayed up for > than 1 seconds (startsecs)
2018-09-07 19:40:17,478 CRIT Supervisor running as root (no user in config file)
2018-09-07 19:40:17,478 WARN Included extra file "/etc/supervisor/conf.d/supervisord.conf" during parsing
2018-09-07 19:40:17,909 INFO RPC interface 'supervisor' initialized
2018-09-07 19:40:17,913 CRIT Server 'unix_http_server' running without any HTTP authentication checking
2018-09-07 19:40:17,920 INFO supervisord started with pid 1
2018-09-07 19:40:18,937 INFO spawned: 'varnishd' with pid 7
2018-09-07 19:40:19,017 INFO spawned: 'php-fpm' with pid 8
2018-09-07 19:40:19,188 INFO spawned: 'varnish-plugins-watcher' with pid 9
2018-09-07 19:40:19,259 INFO spawned: 'nginx' with pid 10
2018-09-07 19:40:19,308 INFO spawned: 'MailHog' with pid 11
2018-09-07 19:40:19,406 INFO spawned: 'mysql' with pid 12
2018-09-07 19:40:19,488 INFO spawned: 'varnish-themes-watcher' with pid 13
2018-09-07 19:40:20,870 INFO success: varnishd entered RUNNING state, process has stayed up for > than 1 seconds (startsecs)
2018-09-07 19:40:21,225 INFO success: php-fpm entered RUNNING state, process has stayed up for > than 1 seconds (startsecs)
2018-09-07 19:40:21,225 INFO success: varnish-plugins-watcher entered RUNNING state, process has stayed up for > than 1 seconds (startsecs)
2018-09-07 19:40:21,226 INFO success: nginx entered RUNNING state, process has stayed up for > than 1 seconds (startsecs)
2018-09-07 19:40:21,226 INFO success: MailHog entered RUNNING state, process has stayed up for > than 1 seconds (startsecs)
2018-09-07 19:40:21,226 INFO success: mysql entered RUNNING state, process has stayed up for > than 1 seconds (startsecs)
2018-09-07 19:40:21,226 INFO success: varnish-themes-watcher entered RUNNING state, process has stayed up for > than 1 seconds (startsecs)
