[31-Jul-2018 00:13:26] NOTICE: fpm is running, pid 14
[31-Jul-2018 00:13:26] NOTICE: ready to handle connections
[31-Jul-2018 15:37:29] NOTICE: fpm is running, pid 10
[31-Jul-2018 15:37:29] NOTICE: ready to handle connections
[03-Aug-2018 13:23:51] NOTICE: fpm is running, pid 11
[03-Aug-2018 13:23:51] NOTICE: ready to handle connections
[07-Aug-2018 23:52:34] NOTICE: fpm is running, pid 8
[07-Aug-2018 23:52:34] NOTICE: ready to handle connections
[18-Aug-2018 22:59:34] NOTICE: fpm is running, pid 8
[18-Aug-2018 22:59:35] NOTICE: ready to handle connections
[19-Aug-2018 00:04:31] WARNING: [pool www] child 275 exited on signal 9 (SIGKILL) after 2721.533920 seconds from start
[19-Aug-2018 00:04:31] NOTICE: [pool www] child 309 started
[19-Aug-2018 23:05:59] WARNING: [pool www] child 16 exited on signal 9 (SIGKILL) after 74080.122953 seconds from start
[19-Aug-2018 23:05:59] NOTICE: [pool www] child 338 started
[27-Aug-2018 01:21:36] WARNING: [pool www] child 338 exited on signal 9 (SIGKILL) after 183753.883735 seconds from start
[27-Aug-2018 01:21:36] NOTICE: [pool www] child 390 started
[27-Aug-2018 01:21:48] WARNING: [pool www] child 14 exited on signal 9 (SIGKILL) after 257845.993778 seconds from start
[27-Aug-2018 01:21:48] NOTICE: [pool www] child 391 started
[31-Aug-2018 00:05:17] NOTICE: Terminating ...
[31-Aug-2018 00:05:17] NOTICE: exiting, bye-bye!
[31-Aug-2018 00:05:21] NOTICE: fpm is running, pid 20
[31-Aug-2018 00:05:21] NOTICE: ready to handle connections
[03-Sep-2018 19:49:15] NOTICE: fpm is running, pid 8
[03-Sep-2018 19:49:15] NOTICE: ready to handle connections
[05-Sep-2018 20:50:48] NOTICE: fpm is running, pid 8
[05-Sep-2018 20:50:48] NOTICE: ready to handle connections
