2018-07-31 00:13:26 28 [Warning] Using unique option prefix myisam-recover instead of myisam-recover-options is deprecated and will be removed in a future release. Please use the full name instead.
2018-07-31 00:13:26 28 [Note] Plugin 'FEDERATED' is disabled.
2018-07-31 00:13:26 28 [Note] InnoDB: Using atomics to ref count buffer pool pages
2018-07-31 00:13:26 28 [Note] InnoDB: The InnoDB memory heap is disabled
2018-07-31 00:13:26 28 [Note] InnoDB: Mutexes and rw_locks use GCC atomic builtins
2018-07-31 00:13:26 28 [Note] InnoDB: Memory barrier is not used
2018-07-31 00:13:26 28 [Note] InnoDB: Compressed tables use zlib 1.2.3
2018-07-31 00:13:26 28 [Note] InnoDB: Using Linux native AIO
2018-07-31 00:13:26 28 [Note] InnoDB: Using CPU crc32 instructions
2018-07-31 00:13:26 28 [Note] InnoDB: Initializing buffer pool, size = 32.0M
2018-07-31 00:13:26 28 [Note] InnoDB: Completed initialization of buffer pool
2018-07-31 00:13:26 28 [Note] InnoDB: Highest supported file format is Barracuda.
2018-07-31 00:13:26 28 [Note] InnoDB: The log sequence numbers 1625987 and 1625987 in ibdata files do not match the log sequence number 1625997 in the ib_logfiles!
2018-07-31 00:13:26 28 [Note] InnoDB: Database was not shutdown normally!
2018-07-31 00:13:26 28 [Note] InnoDB: Starting crash recovery.
2018-07-31 00:13:26 28 [Note] InnoDB: Reading tablespace information from the .ibd files...
2018-07-31 00:13:26 28 [Note] InnoDB: Restoring possible half-written data pages 
2018-07-31 00:13:26 28 [Note] InnoDB: from the doublewrite buffer...
2018-07-31 00:13:26 28 [Note] InnoDB: 128 rollback segment(s) are active.
2018-07-31 00:13:26 28 [Note] InnoDB: Waiting for purge to start
2018-07-31 00:13:26 28 [Note] InnoDB: 5.6.37 started; log sequence number 1625997
2018-07-31 00:13:26 28 [Note] Server hostname (bind-address): '*'; port: 3306
2018-07-31 00:13:26 28 [Note] IPv6 is available.
2018-07-31 00:13:26 28 [Note]   - '::' resolves to '::';
2018-07-31 00:13:26 28 [Note] Server socket created on IP: '::'.
2018-07-31 00:13:26 28 [ERROR] /usr/sbin/mysqld: Table './mysql/user' is marked as crashed and should be repaired
2018-07-31 00:13:26 28 [Warning] Checking table:   './mysql/user'
2018-07-31 00:13:26 28 [ERROR] 1 client is using or hasn't closed the table properly
2018-07-31 00:13:26 28 [Warning] 'user' entry 'root@e24d0b5cccc1' ignored in --skip-name-resolve mode.
2018-07-31 00:13:26 28 [Warning] 'user' entry '@e24d0b5cccc1' ignored in --skip-name-resolve mode.
2018-07-31 00:13:26 28 [Warning] 'proxies_priv' entry '@ root@e24d0b5cccc1' ignored in --skip-name-resolve mode.
2018-07-31 00:13:26 28 [Note] Event Scheduler: Loaded 0 events
2018-07-31 00:13:26 28 [Note] /usr/sbin/mysqld: ready for connections.
Version: '5.6.37'  socket: '/var/run/mysqld/mysqld.sock'  port: 3306  MySQL Community Server (GPL)
2018-07-31 15:37:35 26 [Warning] Using unique option prefix myisam-recover instead of myisam-recover-options is deprecated and will be removed in a future release. Please use the full name instead.
2018-07-31 15:37:35 26 [Note] Plugin 'FEDERATED' is disabled.
2018-07-31 15:37:35 26 [Note] InnoDB: Using atomics to ref count buffer pool pages
2018-07-31 15:37:35 26 [Note] InnoDB: The InnoDB memory heap is disabled
2018-07-31 15:37:35 26 [Note] InnoDB: Mutexes and rw_locks use GCC atomic builtins
2018-07-31 15:37:35 26 [Note] InnoDB: Memory barrier is not used
2018-07-31 15:37:35 26 [Note] InnoDB: Compressed tables use zlib 1.2.3
2018-07-31 15:37:35 26 [Note] InnoDB: Using Linux native AIO
2018-07-31 15:37:35 26 [Note] InnoDB: Using CPU crc32 instructions
2018-07-31 15:37:35 26 [Note] InnoDB: Initializing buffer pool, size = 32.0M
2018-07-31 15:37:35 26 [Note] InnoDB: Completed initialization of buffer pool
2018-07-31 15:37:36 26 [Note] InnoDB: Highest supported file format is Barracuda.
2018-07-31 15:37:36 26 [Note] InnoDB: The log sequence numbers 1625987 and 1625987 in ibdata files do not match the log sequence number 3276137 in the ib_logfiles!
2018-07-31 15:37:36 26 [Note] InnoDB: Database was not shutdown normally!
2018-07-31 15:37:36 26 [Note] InnoDB: Starting crash recovery.
2018-07-31 15:37:36 26 [Note] InnoDB: Reading tablespace information from the .ibd files...
2018-07-31 15:37:36 26 [Note] InnoDB: Restoring possible half-written data pages 
2018-07-31 15:37:36 26 [Note] InnoDB: from the doublewrite buffer...
2018-07-31 15:37:36 26 [Note] InnoDB: 128 rollback segment(s) are active.
2018-07-31 15:37:36 26 [Note] InnoDB: Waiting for purge to start
2018-07-31 15:37:36 26 [Note] InnoDB: 5.6.37 started; log sequence number 3276137
2018-07-31 15:37:36 26 [Note] Server hostname (bind-address): '*'; port: 3306
2018-07-31 15:37:36 26 [Note] IPv6 is available.
2018-07-31 15:37:36 26 [Note]   - '::' resolves to '::';
2018-07-31 15:37:36 26 [Note] Server socket created on IP: '::'.
2018-07-31 15:37:37 26 [Warning] 'user' entry 'root@e24d0b5cccc1' ignored in --skip-name-resolve mode.
2018-07-31 15:37:37 26 [Warning] 'user' entry '@e24d0b5cccc1' ignored in --skip-name-resolve mode.
2018-07-31 15:37:37 26 [Warning] 'proxies_priv' entry '@ root@e24d0b5cccc1' ignored in --skip-name-resolve mode.
2018-07-31 15:37:37 26 [Note] Event Scheduler: Loaded 0 events
2018-07-31 15:37:37 26 [Note] /usr/sbin/mysqld: ready for connections.
Version: '5.6.37'  socket: '/var/run/mysqld/mysqld.sock'  port: 3306  MySQL Community Server (GPL)
2018-08-03 13:23:58 247 [Warning] Using unique option prefix myisam-recover instead of myisam-recover-options is deprecated and will be removed in a future release. Please use the full name instead.
2018-08-03 13:23:58 247 [Note] Plugin 'FEDERATED' is disabled.
2018-08-03 13:23:58 247 [Note] InnoDB: Using atomics to ref count buffer pool pages
2018-08-03 13:23:58 247 [Note] InnoDB: The InnoDB memory heap is disabled
2018-08-03 13:23:58 247 [Note] InnoDB: Mutexes and rw_locks use GCC atomic builtins
2018-08-03 13:23:58 247 [Note] InnoDB: Memory barrier is not used
2018-08-03 13:23:58 247 [Note] InnoDB: Compressed tables use zlib 1.2.3
2018-08-03 13:23:58 247 [Note] InnoDB: Using Linux native AIO
2018-08-03 13:23:58 247 [Note] InnoDB: Using CPU crc32 instructions
2018-08-03 13:23:58 247 [Note] InnoDB: Initializing buffer pool, size = 32.0M
2018-08-03 13:23:58 247 [Note] InnoDB: Completed initialization of buffer pool
2018-08-03 13:23:58 247 [Note] InnoDB: Highest supported file format is Barracuda.
2018-08-03 13:23:58 247 [Note] InnoDB: The log sequence numbers 1625987 and 1625987 in ibdata files do not match the log sequence number 3276147 in the ib_logfiles!
2018-08-03 13:23:58 247 [Note] InnoDB: Database was not shutdown normally!
2018-08-03 13:23:58 247 [Note] InnoDB: Starting crash recovery.
2018-08-03 13:23:58 247 [Note] InnoDB: Reading tablespace information from the .ibd files...
2018-08-03 13:23:58 247 [Note] InnoDB: Restoring possible half-written data pages 
2018-08-03 13:23:58 247 [Note] InnoDB: from the doublewrite buffer...
2018-08-03 13:23:59 247 [Note] InnoDB: 128 rollback segment(s) are active.
2018-08-03 13:23:59 247 [Note] InnoDB: Waiting for purge to start
2018-08-03 13:23:59 247 [Note] InnoDB: 5.6.37 started; log sequence number 3276147
2018-08-03 13:23:59 247 [Note] Server hostname (bind-address): '*'; port: 3306
2018-08-03 13:23:59 247 [Note] IPv6 is available.
2018-08-03 13:23:59 247 [Note]   - '::' resolves to '::';
2018-08-03 13:23:59 247 [Note] Server socket created on IP: '::'.
2018-08-03 13:23:59 247 [Warning] 'user' entry 'root@e24d0b5cccc1' ignored in --skip-name-resolve mode.
2018-08-03 13:23:59 247 [Warning] 'user' entry '@e24d0b5cccc1' ignored in --skip-name-resolve mode.
2018-08-03 13:23:59 247 [Warning] 'proxies_priv' entry '@ root@e24d0b5cccc1' ignored in --skip-name-resolve mode.
2018-08-03 13:23:59 247 [Note] Event Scheduler: Loaded 0 events
2018-08-03 13:23:59 247 [Note] /usr/sbin/mysqld: ready for connections.
Version: '5.6.37'  socket: '/var/run/mysqld/mysqld.sock'  port: 3306  MySQL Community Server (GPL)
2018-08-07 23:52:41 28 [Warning] Using unique option prefix myisam-recover instead of myisam-recover-options is deprecated and will be removed in a future release. Please use the full name instead.
2018-08-07 23:52:41 28 [Note] Plugin 'FEDERATED' is disabled.
2018-08-07 23:52:41 28 [Note] InnoDB: Using atomics to ref count buffer pool pages
2018-08-07 23:52:41 28 [Note] InnoDB: The InnoDB memory heap is disabled
2018-08-07 23:52:41 28 [Note] InnoDB: Mutexes and rw_locks use GCC atomic builtins
2018-08-07 23:52:41 28 [Note] InnoDB: Memory barrier is not used
2018-08-07 23:52:41 28 [Note] InnoDB: Compressed tables use zlib 1.2.3
2018-08-07 23:52:41 28 [Note] InnoDB: Using Linux native AIO
2018-08-07 23:52:41 28 [Note] InnoDB: Using CPU crc32 instructions
2018-08-07 23:52:42 28 [Note] InnoDB: Initializing buffer pool, size = 32.0M
2018-08-07 23:52:42 28 [Note] InnoDB: Completed initialization of buffer pool
2018-08-07 23:52:43 28 [Note] InnoDB: Highest supported file format is Barracuda.
2018-08-07 23:52:43 28 [Note] InnoDB: The log sequence numbers 1625987 and 1625987 in ibdata files do not match the log sequence number 3276157 in the ib_logfiles!
2018-08-07 23:52:43 28 [Note] InnoDB: Database was not shutdown normally!
2018-08-07 23:52:43 28 [Note] InnoDB: Starting crash recovery.
2018-08-07 23:52:43 28 [Note] InnoDB: Reading tablespace information from the .ibd files...
2018-08-07 23:52:43 28 [Note] InnoDB: Restoring possible half-written data pages 
2018-08-07 23:52:43 28 [Note] InnoDB: from the doublewrite buffer...
2018-08-07 23:52:44 28 [Note] InnoDB: 128 rollback segment(s) are active.
2018-08-07 23:52:44 28 [Note] InnoDB: Waiting for purge to start
2018-08-07 23:52:44 28 [Note] InnoDB: 5.6.37 started; log sequence number 3276157
2018-08-07 23:52:44 28 [Note] Server hostname (bind-address): '*'; port: 3306
2018-08-07 23:52:44 28 [Note] IPv6 is available.
2018-08-07 23:52:44 28 [Note]   - '::' resolves to '::';
2018-08-07 23:52:44 28 [Note] Server socket created on IP: '::'.
2018-08-07 23:52:44 28 [Warning] 'user' entry 'root@e24d0b5cccc1' ignored in --skip-name-resolve mode.
2018-08-07 23:52:44 28 [Warning] 'user' entry '@e24d0b5cccc1' ignored in --skip-name-resolve mode.
2018-08-07 23:52:44 28 [Warning] 'proxies_priv' entry '@ root@e24d0b5cccc1' ignored in --skip-name-resolve mode.
2018-08-07 23:52:44 28 [Note] Event Scheduler: Loaded 0 events
2018-08-07 23:52:44 28 [Note] /usr/sbin/mysqld: ready for connections.
Version: '5.6.37'  socket: '/var/run/mysqld/mysqld.sock'  port: 3306  MySQL Community Server (GPL)
2018-08-18 22:59:43 27 [Warning] Using unique option prefix myisam-recover instead of myisam-recover-options is deprecated and will be removed in a future release. Please use the full name instead.
2018-08-18 22:59:43 27 [Note] Plugin 'FEDERATED' is disabled.
2018-08-18 22:59:43 27 [Note] InnoDB: Using atomics to ref count buffer pool pages
2018-08-18 22:59:44 27 [Note] InnoDB: The InnoDB memory heap is disabled
2018-08-18 22:59:44 27 [Note] InnoDB: Mutexes and rw_locks use GCC atomic builtins
2018-08-18 22:59:44 27 [Note] InnoDB: Memory barrier is not used
2018-08-18 22:59:44 27 [Note] InnoDB: Compressed tables use zlib 1.2.3
2018-08-18 22:59:44 27 [Note] InnoDB: Using Linux native AIO
2018-08-18 22:59:44 27 [Note] InnoDB: Using CPU crc32 instructions
2018-08-18 22:59:44 27 [Note] InnoDB: Initializing buffer pool, size = 32.0M
2018-08-18 22:59:44 27 [Note] InnoDB: Completed initialization of buffer pool
2018-08-18 22:59:44 27 [Note] InnoDB: Highest supported file format is Barracuda.
2018-08-18 22:59:45 27 [Note] InnoDB: The log sequence numbers 1625987 and 1625987 in ibdata files do not match the log sequence number 4305527 in the ib_logfiles!
2018-08-18 22:59:45 27 [Note] InnoDB: Database was not shutdown normally!
2018-08-18 22:59:45 27 [Note] InnoDB: Starting crash recovery.
2018-08-18 22:59:45 27 [Note] InnoDB: Reading tablespace information from the .ibd files...
2018-08-18 22:59:45 27 [Note] InnoDB: Restoring possible half-written data pages 
2018-08-18 22:59:45 27 [Note] InnoDB: from the doublewrite buffer...
2018-08-18 22:59:46 27 [Note] InnoDB: 128 rollback segment(s) are active.
2018-08-18 22:59:46 27 [Note] InnoDB: Waiting for purge to start
2018-08-18 22:59:46 27 [Note] InnoDB: 5.6.37 started; log sequence number 4305527
2018-08-18 22:59:47 27 [Note] Server hostname (bind-address): '*'; port: 3306
2018-08-18 22:59:47 27 [Note] IPv6 is available.
2018-08-18 22:59:47 27 [Note]   - '::' resolves to '::';
2018-08-18 22:59:47 27 [Note] Server socket created on IP: '::'.
2018-08-18 22:59:47 27 [Warning] 'user' entry 'root@e24d0b5cccc1' ignored in --skip-name-resolve mode.
2018-08-18 22:59:47 27 [Warning] 'user' entry '@e24d0b5cccc1' ignored in --skip-name-resolve mode.
2018-08-18 22:59:47 27 [Warning] 'proxies_priv' entry '@ root@e24d0b5cccc1' ignored in --skip-name-resolve mode.
2018-08-18 22:59:47 27 [Note] Event Scheduler: Loaded 0 events
2018-08-18 22:59:47 27 [Note] /usr/sbin/mysqld: ready for connections.
Version: '5.6.37'  socket: '/var/run/mysqld/mysqld.sock'  port: 3306  MySQL Community Server (GPL)
